<?xml version="1.0" encoding="UTF-8"?>
<testsuite name="com.automationpractice.certification.runners.MyAccount" tests="0" skipped="0" failures="0" errors="0" timestamp="1970-01-01T00:00:00" hostname="DESKTOP-35IE40O" time="0.0">
  <properties/>
  <system-out><![CDATA[
?[31mFailed scenarios:?[0m
?[31msrc/test/resources/features/myAccount.feature:23 ?[0m# user can successfully register addresses

1 Scenarios (?[31m1 failed?[0m)
12 Steps (?[31m1 failed?[0m, ?[36m1 skipped?[0m, ?[32m10 passed?[0m)
0m45,794s

java.lang.AssertionError: page found is not the same as the expected one
	at org.junit.Assert.fail(Assert.java:88)
	at org.junit.Assert.assertTrue(Assert.java:41)
	at com.automationpractice.certification.definitions.LoginDefiniton.i_go_to_the_page(LoginDefiniton.java:44)
	at ?.I go to the "Addresses - My Store" page(src/test/resources/features/myAccount.feature:19)

]]></system-out>
  <system-err><![CDATA[log4j:WARN No appenders could be found for logger (net.thucydides.core.util.PropertiesFileLocalPreferences).
log4j:WARN Please initialize the log4j system properly.
log4j:WARN See http://logging.apache.org/log4j/1.2/faq.html#noconfig for more info.
]]></system-err>
</testsuite>
